# JRE version: Java(TM) SE Runtime Environment (21.0.9+7) (build 21.0.9+7-LTS-338)
# Java VM: Java HotSpot(TM) 64-Bit Server VM (21.0.9+7-LTS-338, mixed mode, emulated-client, sharing, tiered, compressed oops, compressed class ptrs, g1 gc, windows-amd64)
GC Precious Log:
 CardTable entry size: 512
 Card Set container configuration: InlinePtr #cards 5 size 8 Array Of Cards #cards 12 size 40 Howl #buckets 4 coarsen threshold 1843 Howl Bitmap #cards 512 size 80 coarsen threshold 460 Card regions per heap region 1 cards per card region 2048
 CPUs: 4 total, 4 available
 Memory: 7975M
 Large Page Support: Disabled
 NUMA Support: Disabled
 Compressed Oops: Enabled (32-bit)
 Heap Region Size: 1M
 Heap Min Capacity: 8M
 Heap Initial Capacity: 126M
 Heap Max Capacity: 1994M
 Pre-touch: Disabled
 Parallel Workers: 4
 Concurrent Workers: 1
 Concurrent Refinement Workers: 4
 Periodic GC: Disabled
Heap:
 garbage-first heap   total 99328K, used 42843K [0x0000000083600000, 0x0000000100000000)
  region size 1024K, 10 young (10240K), 4 survivors (4096K)
 Metaspace       used 53362K, committed 54016K, reserved 1114112K
  class space    used 7511K, committed 7808K, reserved 1048576K
GC Heap History (20 events):
Event: 0.838 GC heap before
{Heap before GC invocations=0 (full 0):
 garbage-first heap   total 129024K, used 16384K [0x0000000083600000, 0x0000000100000000)
  region size 1024K, 13 young (13312K), 0 survivors (0K)
 Metaspace       used 1436K, committed 1600K, reserved 1114112K
  class space    used 144K, committed 256K, reserved 1048576K
}
Event: 0.844 GC heap after
{Heap after GC invocations=1 (full 0):
 garbage-first heap   total 129024K, used 9258K [0x0000000083600000, 0x0000000100000000)
  region size 1024K, 2 young (2048K), 2 survivors (2048K)
 Metaspace       used 1436K, committed 1600K, reserved 1114112K
  class space    used 144K, committed 256K, reserved 1048576K
}
Event: 1.134 GC heap before
{Heap before GC invocations=1 (full 0):
 garbage-first heap   total 129024K, used 20522K [0x0000000083600000, 0x0000000100000000)
  region size 1024K, 13 young (13312K), 2 survivors (2048K)
 Metaspace       used 3424K, committed 3584K, reserved 1114112K
  class space    used 421K, committed 512K, reserved 1048576K
}
Event: 1.139 GC heap after
{Heap after GC invocations=2 (full 0):
 garbage-first heap   total 129024K, used 13283K [0x0000000083600000, 0x0000000100000000)
  region size 1024K, 2 young (2048K), 2 survivors (2048K)
 Metaspace       used 3424K, committed 3584K, reserved 1114112K
  class space    used 421K, committed 512K, reserved 1048576K
}
Event: 1.590 GC heap before
{Heap before GC invocations=2 (full 0):
 garbage-first heap   total 129024K, used 38883K [0x0000000083600000, 0x0000000100000000)
  region size 1024K, 24 young (24576K), 2 survivors (2048K)
 Metaspace       used 6622K, committed 6848K, reserved 1114112K
  class space    used 808K, committed 896K, reserved 1048576K
}
Event: 1.599 GC heap after
{Heap after GC invocations=3 (full 0):
 garbage-first heap   total 129024K, used 18077K [0x0000000083600000, 0x0000000100000000)
  region size 1024K, 3 young (3072K), 3 survivors (3072K)
 Metaspace       used 6622K, committed 6848K, reserved 1114112K
  class space    used 808K, committed 896K, reserved 1048576K
}
Event: 2.502 GC heap before
{Heap before GC invocations=3 (full 0):
 garbage-first heap   total 129024K, used 46749K [0x0000000083600000, 0x0000000100000000)
  region size 1024K, 32 young (32768K), 3 survivors (3072K)
 Metaspace       used 13258K, committed 13632K, reserved 1114112K
  class space    used 1786K, committed 1920K, reserved 1048576K
}
Event: 2.506 GC heap after
{Heap after GC invocations=4 (full 0):
 garbage-first heap   total 129024K, used 18407K [0x0000000083600000, 0x0000000100000000)
  region size 1024K, 3 young (3072K), 3 survivors (3072K)
 Metaspace       used 13258K, committed 13632K, reserved 1114112K
  class space    used 1786K, committed 1920K, reserved 1048576K
}
Event: 2.955 GC heap before
{Heap before GC invocations=4 (full 0):
 garbage-first heap   total 129024K, used 51175K [0x0000000083600000, 0x0000000100000000)
  region size 1024K, 37 young (37888K), 3 survivors (3072K)
 Metaspace       used 21118K, committed 21504K, reserved 1114112K
  class space    used 2764K, committed 2944K, reserved 1048576K
}
Event: 2.963 GC heap after
{Heap after GC invocations=5 (full 0):
 garbage-first heap   total 129024K, used 21780K [0x0000000083600000, 0x0000000100000000)
  region size 1024K, 6 young (6144K), 6 survivors (6144K)
 Metaspace       used 21118K, committed 21504K, reserved 1114112K
  class space    used 2764K, committed 2944K, reserved 1048576K
}
Event: 3.426 GC heap before
{Heap before GC invocations=6 (full 0):
 garbage-first heap   total 81920K, used 63764K [0x0000000083600000, 0x0000000100000000)
  region size 1024K, 48 young (49152K), 6 survivors (6144K)
 Metaspace       used 27292K, committed 27712K, reserved 1114112K
  class space    used 3588K, committed 3776K, reserved 1048576K
}
Event: 3.434 GC heap after
{Heap after GC invocations=7 (full 0):
 garbage-first heap   total 81920K, used 24329K [0x0000000083600000, 0x0000000100000000)
  region size 1024K, 6 young (6144K), 6 survivors (6144K)
 Metaspace       used 27292K, committed 27712K, reserved 1114112K
  class space    used 3588K, committed 3776K, reserved 1048576K
}
Event: 4.196 GC heap before
{Heap before GC invocations=7 (full 0):
 garbage-first heap   total 81920K, used 65289K [0x0000000083600000, 0x0000000100000000)
  region size 1024K, 46 young (47104K), 6 survivors (6144K)
 Metaspace       used 31634K, committed 32128K, reserved 1114112K
  class space    used 4205K, committed 4416K, reserved 1048576K
}
Event: 4.206 GC heap after
{Heap after GC invocations=8 (full 0):
 garbage-first heap   total 98304K, used 25983K [0x0000000083600000, 0x0000000100000000)
  region size 1024K, 5 young (5120K), 5 survivors (5120K)
 Metaspace       used 31634K, committed 32128K, reserved 1114112K
  class space    used 4205K, committed 4416K, reserved 1048576K
}
Event: 5.021 GC heap before
{Heap before GC invocations=8 (full 0):
 garbage-first heap   total 98304K, used 59775K [0x0000000083600000, 0x0000000100000000)
  region size 1024K, 39 young (39936K), 5 survivors (5120K)
 Metaspace       used 35783K, committed 36288K, reserved 1114112K
  class space    used 4899K, committed 5120K, reserved 1048576K
}
Event: 5.030 GC heap after
{Heap after GC invocations=9 (full 0):
 garbage-first heap   total 98304K, used 28495K [0x0000000083600000, 0x0000000100000000)
  region size 1024K, 5 young (5120K), 5 survivors (5120K)
 Metaspace       used 35783K, committed 36288K, reserved 1114112K
  class space    used 4899K, committed 5120K, reserved 1048576K
}
Event: 6.213 GC heap before
{Heap before GC invocations=10 (full 0):
 garbage-first heap   total 98304K, used 86863K [0x0000000083600000, 0x0000000100000000)
  region size 1024K, 57 young (58368K), 5 survivors (5120K)
 Metaspace       used 40297K, committed 40896K, reserved 1114112K
  class space    used 5543K, committed 5824K, reserved 1048576K
}
Event: 6.226 GC heap after
{Heap after GC invocations=11 (full 0):
 garbage-first heap   total 99328K, used 34729K [0x0000000083600000, 0x0000000100000000)
  region size 1024K, 8 young (8192K), 8 survivors (8192K)
 Metaspace       used 40297K, committed 40896K, reserved 1114112K
  class space    used 5543K, committed 5824K, reserved 1048576K
}
Event: 8.449 GC heap before
{Heap before GC invocations=11 (full 0):
 garbage-first heap   total 99328K, used 82857K [0x0000000083600000, 0x0000000100000000)
  region size 1024K, 55 young (56320K), 8 survivors (8192K)
 Metaspace       used 52028K, committed 52736K, reserved 1114112K
  class space    used 7338K, committed 7680K, reserved 1048576K
}
Event: 8.472 GC heap after
{Heap after GC invocations=12 (full 0):
 garbage-first heap   total 99328K, used 38747K [0x0000000083600000, 0x0000000100000000)
  region size 1024K, 4 young (4096K), 4 survivors (4096K)
 Metaspace       used 52028K, committed 52736K, reserved 1114112K
  class space    used 7338K, committed 7680K, reserved 1048576K
}

