# JRE version: Java(TM) SE Runtime Environment (21.0.9+7) (build 21.0.9+7-LTS-338)
# Java VM: Java HotSpot(TM) 64-Bit Server VM (21.0.9+7-LTS-338, mixed mode, emulated-client, sharing, tiered, compressed oops, compressed class ptrs, g1 gc, windows-amd64)
GC Precious Log:
 CardTable entry size: 512
 Card Set container configuration: InlinePtr #cards 5 size 8 Array Of Cards #cards 12 size 40 Howl #buckets 4 coarsen threshold 1843 Howl Bitmap #cards 512 size 80 coarsen threshold 460 Card regions per heap region 1 cards per card region 2048
 CPUs: 4 total, 4 available
 Memory: 7975M
 Large Page Support: Disabled
 NUMA Support: Disabled
 Compressed Oops: Enabled (32-bit)
 Heap Region Size: 1M
 Heap Min Capacity: 256M
 Heap Initial Capacity: 256M
 Heap Max Capacity: 512M
 Pre-touch: Disabled
 Parallel Workers: 4
 Concurrent Workers: 1
 Concurrent Refinement Workers: 4
 Periodic GC: Disabled
Heap:
 garbage-first heap   total 262144K, used 86069K [0x00000000e0000000, 0x0000000100000000)
  region size 1024K, 48 young (49152K), 2 survivors (2048K)
 Metaspace       used 72616K, committed 73280K, reserved 1114112K
  class space    used 10203K, committed 10496K, reserved 1048576K
GC Heap History (20 events):
Event: 0.905 GC heap before
{Heap before GC invocations=1 (full 0):
 garbage-first heap   total 262144K, used 21426K [0x00000000e0000000, 0x0000000100000000)
  region size 1024K, 12 young (12288K), 2 survivors (2048K)
 Metaspace       used 3424K, committed 3584K, reserved 1114112K
  class space    used 421K, committed 512K, reserved 1048576K
}
Event: 0.908 GC heap after
{Heap after GC invocations=2 (full 0):
 garbage-first heap   total 262144K, used 12793K [0x00000000e0000000, 0x0000000100000000)
  region size 1024K, 2 young (2048K), 2 survivors (2048K)
 Metaspace       used 3424K, committed 3584K, reserved 1114112K
  class space    used 421K, committed 512K, reserved 1048576K
}
Event: 1.309 GC heap before
{Heap before GC invocations=2 (full 0):
 garbage-first heap   total 262144K, used 39417K [0x00000000e0000000, 0x0000000100000000)
  region size 1024K, 24 young (24576K), 2 survivors (2048K)
 Metaspace       used 6623K, committed 6848K, reserved 1114112K
  class space    used 809K, committed 896K, reserved 1048576K
}
Event: 1.314 GC heap after
{Heap after GC invocations=3 (full 0):
 garbage-first heap   total 262144K, used 16634K [0x00000000e0000000, 0x0000000100000000)
  region size 1024K, 3 young (3072K), 3 survivors (3072K)
 Metaspace       used 6623K, committed 6848K, reserved 1114112K
  class space    used 809K, committed 896K, reserved 1048576K
}
Event: 1.998 GC heap before
{Heap before GC invocations=3 (full 0):
 garbage-first heap   total 262144K, used 43258K [0x00000000e0000000, 0x0000000100000000)
  region size 1024K, 30 young (30720K), 3 survivors (3072K)
 Metaspace       used 11584K, committed 11968K, reserved 1114112K
  class space    used 1558K, committed 1728K, reserved 1048576K
}
Event: 2.006 GC heap after
{Heap after GC invocations=4 (full 0):
 garbage-first heap   total 262144K, used 17671K [0x00000000e0000000, 0x0000000100000000)
  region size 1024K, 4 young (4096K), 4 survivors (4096K)
 Metaspace       used 11584K, committed 11968K, reserved 1114112K
  class space    used 1558K, committed 1728K, reserved 1048576K
}
Event: 2.744 GC heap before
{Heap before GC invocations=4 (full 0):
 garbage-first heap   total 262144K, used 59655K [0x00000000e0000000, 0x0000000100000000)
  region size 1024K, 46 young (47104K), 4 survivors (4096K)
 Metaspace       used 21142K, committed 21504K, reserved 1114112K
  class space    used 2776K, committed 2944K, reserved 1048576K
}
Event: 2.755 GC heap after
{Heap after GC invocations=5 (full 0):
 garbage-first heap   total 262144K, used 20959K [0x00000000e0000000, 0x0000000100000000)
  region size 1024K, 7 young (7168K), 7 survivors (7168K)
 Metaspace       used 21142K, committed 21504K, reserved 1114112K
  class space    used 2776K, committed 2944K, reserved 1048576K
}
Event: 4.935 GC heap before
{Heap before GC invocations=6 (full 0):
 garbage-first heap   total 262144K, used 139743K [0x00000000e0000000, 0x0000000100000000)
  region size 1024K, 125 young (128000K), 7 survivors (7168K)
 Metaspace       used 35814K, committed 36288K, reserved 1114112K
  class space    used 4862K, committed 5056K, reserved 1048576K
}
Event: 4.956 GC heap after
{Heap after GC invocations=7 (full 0):
 garbage-first heap   total 262144K, used 27529K [0x00000000e0000000, 0x0000000100000000)
  region size 1024K, 13 young (13312K), 13 survivors (13312K)
 Metaspace       used 35814K, committed 36288K, reserved 1114112K
  class space    used 4862K, committed 5056K, reserved 1048576K
}
Event: 4.991 GC heap before
{Heap before GC invocations=7 (full 0):
 garbage-first heap   total 262144K, used 28553K [0x00000000e0000000, 0x0000000100000000)
  region size 1024K, 15 young (15360K), 13 survivors (13312K)
 Metaspace       used 36164K, committed 36608K, reserved 1114112K
  class space    used 4912K, committed 5120K, reserved 1048576K
}
Event: 5.007 GC heap after
{Heap after GC invocations=8 (full 0):
 garbage-first heap   total 262144K, used 28568K [0x00000000e0000000, 0x0000000100000000)
  region size 1024K, 11 young (11264K), 11 survivors (11264K)
 Metaspace       used 36164K, committed 36608K, reserved 1114112K
  class space    used 4912K, committed 5120K, reserved 1048576K
}
Event: 5.024 GC heap before
{Heap before GC invocations=8 (full 0):
 garbage-first heap   total 262144K, used 28568K [0x00000000e0000000, 0x0000000100000000)
  region size 1024K, 12 young (12288K), 11 survivors (11264K)
 Metaspace       used 36393K, committed 36928K, reserved 1114112K
  class space    used 4925K, committed 5184K, reserved 1048576K
}
Event: 5.034 GC heap after
{Heap after GC invocations=9 (full 0):
 garbage-first heap   total 262144K, used 28056K [0x00000000e0000000, 0x0000000100000000)
  region size 1024K, 11 young (11264K), 11 survivors (11264K)
 Metaspace       used 36393K, committed 36928K, reserved 1114112K
  class space    used 4925K, committed 5184K, reserved 1048576K
}
Event: 8.150 GC heap before
{Heap before GC invocations=10 (full 0):
 garbage-first heap   total 262144K, used 172440K [0x00000000e0000000, 0x0000000100000000)
  region size 1024K, 148 young (151552K), 11 survivors (11264K)
 Metaspace       used 61139K, committed 61760K, reserved 1114112K
  class space    used 8496K, committed 8768K, reserved 1048576K
}
Event: 8.178 GC heap after
{Heap after GC invocations=11 (full 0):
 garbage-first heap   total 262144K, used 38838K [0x00000000e0000000, 0x0000000100000000)
  region size 1024K, 20 young (20480K), 20 survivors (20480K)
 Metaspace       used 61139K, committed 61760K, reserved 1114112K
  class space    used 8496K, committed 8768K, reserved 1048576K
}
Event: 8.204 GC heap before
{Heap before GC invocations=11 (full 0):
 garbage-first heap   total 262144K, used 40886K [0x00000000e0000000, 0x0000000100000000)
  region size 1024K, 23 young (23552K), 20 survivors (20480K)
 Metaspace       used 61486K, committed 62080K, reserved 1114112K
  class space    used 8516K, committed 8768K, reserved 1048576K
}
Event: 8.222 GC heap after
{Heap after GC invocations=12 (full 0):
 garbage-first heap   total 262144K, used 41472K [0x00000000e0000000, 0x0000000100000000)
  region size 1024K, 2 young (2048K), 2 survivors (2048K)
 Metaspace       used 61486K, committed 62080K, reserved 1114112K
  class space    used 8516K, committed 8768K, reserved 1048576K
}
Event: 8.530 GC heap before
{Heap before GC invocations=12 (full 0):
 garbage-first heap   total 262144K, used 42496K [0x00000000e0000000, 0x0000000100000000)
  region size 1024K, 4 young (4096K), 2 survivors (2048K)
 Metaspace       used 61757K, committed 62400K, reserved 1114112K
  class space    used 8537K, committed 8832K, reserved 1048576K
}
Event: 8.532 GC heap after
{Heap after GC invocations=13 (full 0):
 garbage-first heap   total 262144K, used 41013K [0x00000000e0000000, 0x0000000100000000)
  region size 1024K, 2 young (2048K), 2 survivors (2048K)
 Metaspace       used 61757K, committed 62400K, reserved 1114112K
  class space    used 8537K, committed 8832K, reserved 1048576K
}

